#
# There is insufficient memory for the Java Runtime Environment to continue.
# Native memory allocation (mmap) failed to map 130023424 bytes for G1 virtual space
# Possible reasons:
#   The system is out of physical RAM or swap space
#   The process is running with CompressedOops enabled, and the Java Heap may be blocking the growth of the native heap
# Possible solutions:
#   Reduce memory load on the system
#   Increase physical memory or swap space
#   Check if swap backing store is full
#   Decrease Java heap size (-Xmx/-Xms)
#   Decrease number of Java threads
#   Decrease Java thread stack sizes (-Xss)
#   Set larger code cache with -XX:ReservedCodeCacheSize=
#   JVM is running with Unscaled Compressed Oops mode in which the Java heap is
#     placed in the first 4GB address space. The Java Heap base address is the
#     maximum limit for the native heap growth. Please use -XX:HeapBaseMinAddress
#     to set the Java Heap base and to place the Java Heap above 4GB virtual address.
# This output file may be truncated or incomplete.
#
#  Out of Memory Error (os_windows.cpp:3536), pid=29276, tid=14716
#
# JRE version:  (19.0.2+7) (build )
# Java VM: Java HotSpot(TM) 64-Bit Server VM (19.0.2+7-44, mixed mode, sharing, tiered, compressed oops, compressed class ptrs, g1 gc, windows-amd64)
# No core dump will be written. Minidumps are not enabled by default on client versions of Windows
#

---------------  S U M M A R Y ------------

Command Line: -Dfile.encoding=UTF-8 --module-path=C:\Users\dushy\OneDrive\Documents\NetBeansProjects\Hotel Management System\build\classes hotel.management.system.AddDriver

Host: 11th Gen Intel(R) Core(TM) i3-1125G4 @ 2.00GHz, 8 cores, 7G,  Windows 11 , 64 bit Build 22000 (10.0.22000.708)
Time: Wed Feb  8 23:53:44 2023 India Standard Time elapsed time: 0.018855 seconds (0d 0h 0m 0s)

---------------  T H R E A D  ---------------

Current thread (0x000002051ac2cb40):  JavaThread "Unknown thread" [_thread_in_vm, id=14716, stack(0x00000043b9d00000,0x00000043b9e00000)]

Stack: [0x00000043b9d00000,0x00000043b9e00000]
Native frames: (J=compiled Java code, j=interpreted, Vv=VM code, C=native code)
V  [jvm.dll+0x6ee21a]
V  [jvm.dll+0x85765e]
V  [jvm.dll+0x85904e]
V  [jvm.dll+0x859703]
V  [jvm.dll+0x28298f]
V  [jvm.dll+0x6eb009]
V  [jvm.dll+0x6dfbaa]
V  [jvm.dll+0x3573f6]
V  [jvm.dll+0x35ee56]
V  [jvm.dll+0x3b541e]
V  [jvm.dll+0x3b564f]
V  [jvm.dll+0x32c9ea]
V  [jvm.dll+0x32d89e]
V  [jvm.dll+0x821780]
V  [jvm.dll+0x3c2661]
V  [jvm.dll+0x801f51]
V  [jvm.dll+0x44ae8f]
V  [jvm.dll+0x44c811]
C  [jli.dll+0x5287]
C  [ucrtbase.dll+0x26c0c]
C  [KERNEL32.DLL+0x154e0]
C  [ntdll.dll+0x485b]


---------------  P R O C E S S  ---------------

Threads class SMR info:
_java_thread_list=0x00007ffaf352d048, length=0, elements={
}

Java Threads: ( => current thread )

Other Threads:
  0x000002051ac8bcb0 WorkerThread "GC Thread#0" [stack: 0x00000043b9e00000,0x00000043b9f00000] [id=44068]
  0x000002051ac9d530 ConcurrentGCThread "G1 Main Marker" [stack: 0x00000043b9f00000,0x00000043ba000000] [id=40380]
  0x000002051ac9e510 WorkerThread "G1 Conc#0" [stack: 0x00000043ba000000,0x00000043ba100000] [id=30128]

[error occurred during error reporting (printing all threads), id 0xc0000005, EXCEPTION_ACCESS_VIOLATION (0xc0000005) at pc=0x00007ffaf2ced427]

VM state: not at safepoint (not fully initialized)

VM Mutex/Monitor currently owned by a thread:  ([mutex/lock_event])
[0x000002051ac27d80] Heap_lock - owner thread: 0x000002051ac2cb40

Heap address: 0x0000000084000000, size: 1984 MB, Compressed Oops mode: 32-bit

CDS archive(s) mapped at: [0x0000000000000000-0x0000000000000000-0x0000000000000000), size 0, SharedBaseAddress: 0x0000000800000000, ArchiveRelocationMode: 0.
Narrow klass base: 0x0000000000000000, Narrow klass shift: 0, Narrow klass range: 0x0

GC Precious Log:
 CardTable entry size: 512
 Card Set container configuration: InlinePtr #cards 5 size 8 Array Of Cards #cards 12 size 40 Howl #buckets 4 coarsen threshold 1843 Howl Bitmap #cards 512 size 80 coarsen threshold 460 Card regions per heap region 1 cards per card region 2048

Heap:
 garbage-first heap   total 0K, used 0K [0x0000000084000000, 0x0000000100000000)
  region size 1024K, 0 young (0K), 0 survivors (0K)

[error occurred during error reporting (printing heap information), id 0xc0000005, EXCEPTION_ACCESS_VIOLATION (0xc0000005) at pc=0x00007ffaf30f6649]

GC Heap History (0 events):
No events

Dll operation events (1 events):
Event: 0.009 Loaded shared library C:\Program Files\Java\jdk-19\bin\java.dll

Deoptimization events (0 events):
No events

Classes loaded (0 events):
No events

Classes unloaded (0 events):
No events

Classes redefined (0 events):
No events

Internal exceptions (0 events):
No events

VM Operations (0 events):
No events

Events (0 events):
No events


Dynamic libraries:
0x00007ff76fee0000 - 0x00007ff76fef0000 	C:\Program Files\Java\jdk-19\bin\java.exe
0x00007ffb629a0000 - 0x00007ffb62ba9000 	C:\windows\SYSTEM32\ntdll.dll
0x00007ffb61a00000 - 0x00007ffb61abd000 	C:\windows\System32\KERNEL32.DLL
0x00007ffb60440000 - 0x00007ffb607bd000 	C:\windows\System32\KERNELBASE.dll
0x00007ffb5ffc0000 - 0x00007ffb600d1000 	C:\windows\System32\ucrtbase.dll
0x00007ffb58df0000 - 0x00007ffb58e0b000 	C:\Program Files\Java\jdk-19\bin\VCRUNTIME140.dll
0x00007ffb41270000 - 0x00007ffb41288000 	C:\Program Files\Java\jdk-19\bin\jli.dll
0x00007ffb60b60000 - 0x00007ffb60c0e000 	C:\windows\System32\ADVAPI32.dll
0x00007ffb62790000 - 0x00007ffb62833000 	C:\windows\System32\msvcrt.dll
0x00007ffb611a0000 - 0x00007ffb6123e000 	C:\windows\System32\sechost.dll
0x00007ffb62840000 - 0x00007ffb62960000 	C:\windows\System32\RPCRT4.dll
0x00007ffb60860000 - 0x00007ffb60a0d000 	C:\windows\System32\USER32.dll
0x00007ffb600e0000 - 0x00007ffb60106000 	C:\windows\System32\win32u.dll
0x00007ffb462c0000 - 0x00007ffb46565000 	C:\windows\WinSxS\amd64_microsoft.windows.common-controls_6595b64144ccf1df_6.0.22000.120_none_9d947278b86cc467\COMCTL32.dll
0x00007ffb60830000 - 0x00007ffb60859000 	C:\windows\System32\GDI32.dll
0x00007ffb601b0000 - 0x00007ffb602c8000 	C:\windows\System32\gdi32full.dll
0x00007ffb60110000 - 0x00007ffb601ad000 	C:\windows\System32\msvcp_win.dll
0x00007ffb55d30000 - 0x00007ffb55d3a000 	C:\windows\SYSTEM32\VERSION.dll
0x00007ffb60a10000 - 0x00007ffb60a41000 	C:\windows\System32\IMM32.DLL
0x00007ffb58de0000 - 0x00007ffb58dec000 	C:\Program Files\Java\jdk-19\bin\vcruntime140_1.dll
0x00007ffb10840000 - 0x00007ffb108ce000 	C:\Program Files\Java\jdk-19\bin\msvcp140.dll
0x00007ffaf29b0000 - 0x00007ffaf3670000 	C:\Program Files\Java\jdk-19\bin\server\jvm.dll
0x00007ffb58e70000 - 0x00007ffb58e79000 	C:\windows\SYSTEM32\WSOCK32.dll
0x00007ffb60f60000 - 0x00007ffb60fcf000 	C:\windows\System32\WS2_32.dll
0x00007ffb55980000 - 0x00007ffb559b3000 	C:\windows\SYSTEM32\WINMM.dll
0x00007ffb5ef80000 - 0x00007ffb5ef98000 	C:\windows\SYSTEM32\kernel.appcore.dll
0x00007ffb4a630000 - 0x00007ffb4a63a000 	C:\Program Files\Java\jdk-19\bin\jimage.dll
0x00007ffb5d870000 - 0x00007ffb5da91000 	C:\windows\SYSTEM32\DBGHELP.DLL
0x00007ffb40f60000 - 0x00007ffb40f91000 	C:\windows\SYSTEM32\dbgcore.DLL
0x00007ffb5fe80000 - 0x00007ffb5feff000 	C:\windows\System32\bcryptPrimitives.dll
0x00007ffb46010000 - 0x00007ffb46036000 	C:\Program Files\Java\jdk-19\bin\java.dll

dbghelp: loaded successfully - version: 4.0.5 - missing functions: none
symbol engine: initialized successfully - sym options: 0x614 - pdb path: .;C:\Program Files\Java\jdk-19\bin;C:\windows\SYSTEM32;C:\windows\WinSxS\amd64_microsoft.windows.common-controls_6595b64144ccf1df_6.0.22000.120_none_9d947278b86cc467;C:\Program Files\Java\jdk-19\bin\server

VM Arguments:
jvm_args: -Dfile.encoding=UTF-8 --module-path=C:\Users\dushy\OneDrive\Documents\NetBeansProjects\Hotel Management System\build\classes 
java_command: hotel.management.system.AddDriver
java_class_path (initial): C:\Users\dushy\Downloads\mysql-connector-java-8.0.28.jar;C:\Users\dushy\OneDrive\Documents\NetBeansProjects\Hotel Management System\build\classes
Launcher Type: SUN_STANDARD

[Global flags]
     intx CICompilerCount                          = 4                                         {product} {ergonomic}
     uint ConcGCThreads                            = 2                                         {product} {ergonomic}
     uint G1ConcRefinementThreads                  = 8                                         {product} {ergonomic}
   size_t G1HeapRegionSize                         = 1048576                                   {product} {ergonomic}
    uintx GCDrainStackTargetSize                   = 64                                        {product} {ergonomic}
   size_t InitialHeapSize                          = 130023424                                 {product} {ergonomic}
   size_t MarkStackSize                            = 4194304                                   {product} {ergonomic}
   size_t MaxHeapSize                              = 2080374784                                {product} {ergonomic}
   size_t MinHeapDeltaBytes                        = 1048576                                   {product} {ergonomic}
   size_t MinHeapSize                              = 8388608                                   {product} {ergonomic}
    uintx NonNMethodCodeHeapSize                   = 5839372                                {pd product} {ergonomic}
    uintx NonProfiledCodeHeapSize                  = 122909434                              {pd product} {ergonomic}
    uintx ProfiledCodeHeapSize                     = 122909434                              {pd product} {ergonomic}
    uintx ReservedCodeCacheSize                    = 251658240                              {pd product} {ergonomic}
     bool SegmentedCodeCache                       = true                                      {product} {ergonomic}
   size_t SoftMaxHeapSize                          = 2080374784                             {manageable} {ergonomic}
     bool UseCompressedClassPointers               = true                           {product lp64_product} {ergonomic}
     bool UseCompressedOops                        = true                           {product lp64_product} {ergonomic}
     bool UseG1GC                                  = true                                      {product} {ergonomic}
     bool UseLargePagesIndividualAllocation        = false                                  {pd product} {ergonomic}

Logging:
Log output configuration:
 #0: stdout all=warning uptime,level,tags foldmultilines=false
 #1: stderr all=off uptime,level,tags foldmultilines=false

Environment Variables:
JAVA_HOME=C:\Program Files\Java\jdk1.8.0_212
PATH=C:\Program Files\Common Files\Oracle\Java\javapath;C:\Program Files (x86)\Common Files\Oracle\Java\javapath;C:\oraclexe\app\oracle\product\11.2.0\server\bin;C:\python 3.10\Scripts\;C:\python 3.10\;C:\windows\system32;C:\windows;C:\windows\System32\Wbem;C:\windows\System32\WindowsPowerShell\v1.0\;C:\windows\System32\OpenSSH\;C:\msys64\mingw64\bin;C:\xampp\php;C:\composer\php\php.exe;C:\Program Files\nodejs\;C:\Program Files\Git\cmd;C:\Program Files\Java\jdk-19\bin;C:\Program Files\Java\jdk1.8.0_212\bin;C:\Program Files\Java\jdk-19\bin;C:\Program Files\MySQL\MySQL Shell 8.0\bin\;C:\Users\dushy\AppData\Local\Microsoft\WindowsApps;C:\Users\dushy\AppData\Local\Programs\Microsoft VS Code\bin;C:\msys64\mingw64\bin;C:\Users\dushy\OneDrive\Desktop\New;C:\xampp\Laravel.zip;C:\Users\dushy\AppData\Roaming\Composer\vendor\bin;C:\Users\dushy\AppData\Roaming\npm;D:\d-chart\imp\js\nodeServer;imp\js;C:\Program Files\heroku\bin;C:\Program Files\JetBrains\IntelliJ IDEA Community Edition 2022.2.2\bin;;C:\Users\dushy\AppData\Local\GitHubDesktop\bin
USERNAME=dushy
OS=Windows_NT
PROCESSOR_IDENTIFIER=Intel64 Family 6 Model 140 Stepping 1, GenuineIntel
TMP=C:\Users\dushy\AppData\Local\Temp
TEMP=C:\Users\dushy\AppData\Local\Temp



---------------  S Y S T E M  ---------------

OS:
 Windows 11 , 64 bit Build 22000 (10.0.22000.708)
OS uptime: 111 days 1:03 hours

CPU: total 8 (initial active 8) (4 cores per cpu, 2 threads per core) family 6 model 140 stepping 1 microcode 0x86, cx8, cmov, fxsr, ht, mmx, 3dnowpref, sse, sse2, sse3, ssse3, sse4.1, sse4.2, popcnt, lzcnt, tsc, tscinvbit, avx, avx2, aes, erms, clmul, bmi1, bmi2, adx, avx512f, avx512dq, avx512cd, avx512bw, avx512vl, sha, fma, vzeroupper, avx512_vpopcntdq, avx512_vpclmulqdq, avx512_vaes, avx512_vnni, clflush, clflushopt, clwb, avx512_vbmi2, avx512_vbmi, rdtscp, rdpid, fsrm, gfni, avx512_bitalg

Memory: 4k page, system-wide physical 7932M (351M free)
TotalPageFile size 31379M (AvailPageFile size 35M)
current process WorkingSet (physical memory assigned to process): 10M, peak: 10M
current process commit charge ("private bytes"): 60M, peak: 184M

vm_info: Java HotSpot(TM) 64-Bit Server VM (19.0.2+7-44) for windows-amd64 JRE (19.0.2+7-44), built on 2022-11-30T18:02:09Z by "mach5one" with MS VC++ 17.1 (VS2022)

END.
